app/build/outputs/logs/manifest-merger-debug-report.txt
-- Merging decision tree log ---
manifest
ADDED from src/main/AndroidManifest.xml:2:1-52:12
	package
		ADDED from src/main/AndroidManifest.xml:3:5-25
		INJECTED from src/main/AndroidManifest.xml
		INJECTED from src/main/AndroidManifest.xml
	android:versionName
		ADDED from src/main/AndroidManifest.xml:5:5-30
		INJECTED from src/main/AndroidManifest.xml
		INJECTED from src/main/AndroidManifest.xml
	android:versionCode
		ADDED from src/main/AndroidManifest.xml:4:5-28
		INJECTED from src/main/AndroidManifest.xml
		INJECTED from src/main/AndroidManifest.xml
	xmlns:android
		ADDED from src/main/AndroidManifest.xml:2:11-69
uses-sdk
ADDED from src/main/AndroidManifest.xml:6:5-44
	android:targetSdkVersion
		INJECTED from src/main/AndroidManifest.xml
		INJECTED from src/main/AndroidManifest.xml
	android:minSdkVersion
		ADDED from src/main/AndroidManifest.xml:6:15-41
		INJECTED from src/main/AndroidManifest.xml
		INJECTED from src/main/AndroidManifest.xml
uses-permission#android.permission.INTERNET
ADDED from src/main/AndroidManifest.xml:7:2-80
	android:name
		ADDED from src/main/AndroidManifest.xml:7:19-61
uses-permission#android.permission.ACCESS_NETWORK_STATE
ADDED from src/main/AndroidManifest.xml:8:2-76
	android:name
		ADDED from src/main/AndroidManifest.xml:8:19-73
uses-permission#android.permission.CAMERA
ADDED from src/main/AndroidManifest.xml:9:2-78
	android:name
		ADDED from src/main/AndroidManifest.xml:9:19-59
application
ADDED from src/main/AndroidManifest.xml:11:5-50:19
	android:label
		ADDED from src/main/AndroidManifest.xml:13:9-41
	android:debuggable
		ADDED from src/main/AndroidManifest.xml:14:9-34
	android:icon
		ADDED from src/main/AndroidManifest.xml:12:9-43
	android:theme
		ADDED from src/main/AndroidManifest.xml:15:9-56
activity#app.pantry.IntroScreen
ADDED from src/main/AndroidManifest.xml:17:9-24:20
	android:icon
		ADDED from src/main/AndroidManifest.xml:18:13-47
	android:name
		ADDED from src/main/AndroidManifest.xml:19:13-50
intent-filter#android.intent.action.MAIN+android.intent.category.LAUNCHER
ADDED from src/main/AndroidManifest.xml:20:13-23:29
action#android.intent.action.MAIN
ADDED from src/main/AndroidManifest.xml:21:17-69
	android:name
		ADDED from src/main/AndroidManifest.xml:21:25-66
category#android.intent.category.LAUNCHER
ADDED from src/main/AndroidManifest.xml:22:17-77
	android:name
		ADDED from src/main/AndroidManifest.xml:22:27-74
activity#app.pantry.PantryProjectActivity
ADDED from src/main/AndroidManifest.xml:26:10-31:21
	android:label
		ADDED from src/main/AndroidManifest.xml:29:14-46
	android:icon
		ADDED from src/main/AndroidManifest.xml:27:14-48
	android:name
		ADDED from src/main/AndroidManifest.xml:28:14-51
activity#app.pantry.ViewNewUser
ADDED from src/main/AndroidManifest.xml:33:10-36:21
	android:icon
		ADDED from src/main/AndroidManifest.xml:34:14-48
	android:name
		ADDED from src/main/AndroidManifest.xml:35:14-41
activity#app.pantry.Pantry
ADDED from src/main/AndroidManifest.xml:37:10-40:21
	android:icon
		ADDED from src/main/AndroidManifest.xml:38:14-48
	android:name
		ADDED from src/main/AndroidManifest.xml:39:14-36